Symbol range map extraction starting
Processing 22 files
processing DungeonRoomsInstallerFrame.java
processing io\github\quantizr\dungeonrooms\CustomWaypoints\CustomPoint.java
processing io\github\quantizr\dungeonrooms\CustomWaypoints\CustomWaypointsFile.java
processing io\github\quantizr\dungeonrooms\DungeonRooms.java
processing io\github\quantizr\dungeonrooms\commands\AddWaypointCommand.java
processing io\github\quantizr\dungeonrooms\commands\RoomCommand.java
processing io\github\quantizr\dungeonrooms\dungeons\catacombs\DungeonManager.java
processing io\github\quantizr\dungeonrooms\dungeons\catacombs\RoomDetection.java
processing io\github\quantizr\dungeonrooms\dungeons\catacombs\Waypoints.java
processing io\github\quantizr\dungeonrooms\events\EnterNewRoomEvent.java
processing io\github\quantizr\dungeonrooms\events\PacketEvent.java
processing io\github\quantizr\dungeonrooms\gui\LinkGUI.java
processing io\github\quantizr\dungeonrooms\gui\WaypointsGUI.java
processing io\github\quantizr\dungeonrooms\handlers\ConfigHandler.java
processing io\github\quantizr\dungeonrooms\handlers\OpenLink.java
processing io\github\quantizr\dungeonrooms\handlers\PacketHandler.java
processing io\github\quantizr\dungeonrooms\handlers\ScoreboardHandler.java
processing io\github\quantizr\dungeonrooms\handlers\TextRenderer.java
processing io\github\quantizr\dungeonrooms\utils\MapUtils.java
processing io\github\quantizr\dungeonrooms\utils\RoomDetectionUtils.java
processing io\github\quantizr\dungeonrooms\utils\Utils.java
processing io\github\quantizr\dungeonrooms\utils\WaypointUtils.java
